mode: atomic
github.com/observerly/dusk/pkg/dusk/epoch.go:20.48,25.2 2 2
github.com/observerly/dusk/pkg/dusk/epoch.go:27.65,38.2 4 1
github.com/observerly/dusk/pkg/dusk/trigonometry.go:10.30,12.2 1 1
github.com/observerly/dusk/pkg/dusk/trigonometry.go:14.30,16.2 1 1
github.com/observerly/dusk/pkg/dusk/trigonometry.go:18.30,20.2 1 1
github.com/observerly/dusk/pkg/dusk/trigonometry.go:22.31,24.2 1 1
github.com/observerly/dusk/pkg/dusk/trigonometry.go:26.31,28.2 1 1
github.com/observerly/dusk/pkg/dusk/trigonometry.go:30.31,32.2 1 1
github.com/observerly/dusk/pkg/dusk/trigonometry.go:34.36,36.2 1 1
