mode: atomic
github.com/observerly/dusk/pkg/dusk/solar.go:21.45,24.2 1 29
github.com/observerly/dusk/pkg/dusk/solar.go:33.50,36.2 1 28
github.com/observerly/dusk/pkg/dusk/solar.go:45.62,48.2 1 27
github.com/observerly/dusk/pkg/dusk/solar.go:58.74,60.2 1 24
github.com/observerly/dusk/pkg/dusk/solar.go:71.46,73.2 1 25
github.com/observerly/dusk/pkg/dusk/solar.go:81.47,86.11 2 2
github.com/observerly/dusk/pkg/dusk/solar.go:90.2,90.10 1 2
github.com/observerly/dusk/pkg/dusk/solar.go:86.11,88.3 1 2
github.com/observerly/dusk/pkg/dusk/solar.go:106.110,112.2 2 24
github.com/observerly/dusk/pkg/dusk/solar.go:123.142,151.2 12 23
github.com/observerly/dusk/pkg/dusk/trigonometry.go:10.30,12.2 1 285
github.com/observerly/dusk/pkg/dusk/trigonometry.go:14.30,16.2 1 63
github.com/observerly/dusk/pkg/dusk/trigonometry.go:18.30,20.2 1 4
github.com/observerly/dusk/pkg/dusk/trigonometry.go:22.31,24.2 1 29
github.com/observerly/dusk/pkg/dusk/trigonometry.go:26.31,28.2 1 26
github.com/observerly/dusk/pkg/dusk/trigonometry.go:30.31,32.2 1 1
github.com/observerly/dusk/pkg/dusk/trigonometry.go:34.36,36.2 1 4
github.com/observerly/dusk/pkg/dusk/twilight.go:38.163,49.16 5 9
github.com/observerly/dusk/pkg/dusk/twilight.go:53.2,57.18 1 9
github.com/observerly/dusk/pkg/dusk/twilight.go:49.16,51.3 1 0
github.com/observerly/dusk/pkg/dusk/twilight.go:69.139,74.2 2 3
github.com/observerly/dusk/pkg/dusk/twilight.go:85.142,90.2 2 3
github.com/observerly/dusk/pkg/dusk/twilight.go:101.146,106.2 2 3
github.com/observerly/dusk/pkg/dusk/utils.go:13.34,15.2 1 4
github.com/observerly/dusk/pkg/dusk/epoch.go:31.48,36.2 2 47
github.com/observerly/dusk/pkg/dusk/epoch.go:43.45,45.2 1 70
github.com/observerly/dusk/pkg/dusk/epoch.go:53.65,64.2 4 31
github.com/observerly/dusk/pkg/dusk/epoch.go:72.73,80.2 3 12
github.com/observerly/dusk/pkg/dusk/epoch.go:89.62,100.2 3 3
github.com/observerly/dusk/pkg/dusk/epoch.go:108.73,121.12 5 1
github.com/observerly/dusk/pkg/dusk/epoch.go:125.2,125.11 1 1
github.com/observerly/dusk/pkg/dusk/epoch.go:121.12,123.3 1 1
github.com/observerly/dusk/pkg/dusk/epoch.go:135.70,140.2 2 30
github.com/observerly/dusk/pkg/dusk/lunar.go:15.47,20.11 2 6
github.com/observerly/dusk/pkg/dusk/lunar.go:24.2,24.10 1 6
github.com/observerly/dusk/pkg/dusk/lunar.go:20.11,22.3 1 3
github.com/observerly/dusk/pkg/dusk/lunar.go:34.45,39.11 2 5
github.com/observerly/dusk/pkg/dusk/lunar.go:43.2,43.10 1 5
github.com/observerly/dusk/pkg/dusk/lunar.go:39.11,41.3 1 2
github.com/observerly/dusk/pkg/dusk/lunar.go:53.52,58.11 2 5
github.com/observerly/dusk/pkg/dusk/lunar.go:62.2,62.10 1 5
github.com/observerly/dusk/pkg/dusk/lunar.go:58.11,60.3 1 2
github.com/observerly/dusk/pkg/dusk/lunar.go:72.64,77.11 2 4
github.com/observerly/dusk/pkg/dusk/lunar.go:81.2,81.10 1 4
github.com/observerly/dusk/pkg/dusk/lunar.go:77.11,79.3 1 0
github.com/observerly/dusk/pkg/dusk/lunar.go:90.52,95.11 2 4
github.com/observerly/dusk/pkg/dusk/lunar.go:99.2,99.10 1 4
github.com/observerly/dusk/pkg/dusk/lunar.go:95.11,97.3 1 1
github.com/observerly/dusk/pkg/dusk/lunar.go:109.61,114.12 2 2
github.com/observerly/dusk/pkg/dusk/lunar.go:118.2,118.11 1 2
github.com/observerly/dusk/pkg/dusk/lunar.go:114.12,116.3 1 0
github.com/observerly/dusk/pkg/dusk/lunar.go:130.76,132.2 1 1
github.com/observerly/dusk/pkg/dusk/lunar.go:140.74,165.2 10 3
github.com/observerly/dusk/pkg/dusk/lunar.go:179.81,185.2 2 1
